#
# A fatal error has been detected by the Java Runtime Environment:
#
#  EXCEPTION_ACCESS_VIOLATION (0xc0000005) at pc=0x00000000691466cb, pid=4376, tid=0x0000000000001254
#
# JRE version: OpenJDK Runtime Environment (8.0_152-b06) (build 1.8.0_152-release-1136-b06)
# Java VM: OpenJDK 64-Bit Server VM (25.152-b06 mixed mode windows-amd64 compressed oops)
# Problematic frame:
# V  [jvm.dll+0x4c66cb]
#
# Failed to write core dump. Minidumps are not enabled by default on client versions of Windows
#
# If you would like to submit a bug report, please visit:
#   http://bugreport.java.com/bugreport/crash.jsp
#

---------------  T H R E A D  ---------------

Current thread (0x0000000015c4c000):  JavaThread "C2 CompilerThread1" daemon [_thread_in_native, id=4692, stack(0x0000000017390000,0x0000000017490000)]

siginfo: ExceptionCode=0xc0000005, reading address 0x0000000000000000

Registers:
RAX=0x0000000000000008, RBX=0x000000001e476da0, RCX=0x000000001748e7f0, RDX=0x0000000000000008
RSP=0x000000001748bff0, RBP=0x000000001748e7f0, RSI=0x00000000ffffffc0, RDI=0x0000000000000000
R8 =0x000000001ab715c8, R9 =0x0000000000000000, R10=0x0000000000000000, R11=0x000000001927e2dc
R12=0x000000001b0e9960, R13=0x000000001748e7f0, R14=0x000000001e476a10, R15=0x000000001e476da0
RIP=0x00000000691466cb, EFLAGS=0x0000000000010246

Top of Stack: (sp=0x000000001748bff0)
0x000000001748bff0:   000000001e476da0 0000000015c972f0
0x000000001748c000:   00000000000000dc 0000000068cef0ab
0x000000001748c010:   0000000000000000 00000000154e8438
0x000000001748c020:   000000001b570960 0000000068ceef16
0x000000001748c030:   0000000000000000 0000000000000000
0x000000001748c040:   00000000021f3e80 00000000ffffffc0
0x000000001748c050:   0000000000000041 000000001ab715c8
0x000000001748c060:   0000000000000008 0000000069146fd9
0x000000001748c070:   000000001748e7f0 00000000ffffffc0
0x000000001748c080:   000000001ab715c8 0000000000000000
0x000000001748c090:   000000001e476da0 000000001e476a10
0x000000001748c0a0:   0000000000000000 000000000000d410
0x000000001748c0b0:   0000000000000000 0000000000000000
0x000000001748c0c0:   0000000000000000 0000000500000000
0x000000001748c0d0:   000000001b0e9960 0000000000000007
0x000000001748c0e0:   000000001e476d60 000000001b0e98e0 

Instructions: (pc=0x00000000691466cb)
0x00000000691466ab:   00 00 00 49 8b f9 48 8b e9 8b 03 3b c2 74 11 4c
0x00000000691466bb:   3b 89 00 02 00 00 0f 84 7d 06 00 00 ff c8 89 03
0x00000000691466cb:   49 8b 01 49 8b c9 48 89 74 24 58 ff 50 28 80 7f
0x00000000691466db:   2c 84 48 8b f0 0f 85 9f 01 00 00 48 8b ac 24 a8 


Register to memory mapping:

RAX=0x0000000000000008 is an unknown value
RBX=0x000000001e476da0 is an unknown value
RCX=0x000000001748e7f0 is pointing into the stack for thread: 0x0000000015c4c000
RDX=0x0000000000000008 is an unknown value
RSP=0x000000001748bff0 is pointing into the stack for thread: 0x0000000015c4c000
RBP=0x000000001748e7f0 is pointing into the stack for thread: 0x0000000015c4c000
RSI=0x00000000ffffffc0 is an unallocated location in the heap
RDI=0x0000000000000000 is an unknown value
R8 =0x000000001ab715c8 is an unknown value
R9 =0x0000000000000000 is an unknown value
R10=0x0000000000000000 is an unknown value
R11=0x000000001927e2dc is an unknown value
R12=0x000000001b0e9960 is an unknown value
R13=0x000000001748e7f0 is pointing into the stack for thread: 0x0000000015c4c000
R14=0x000000001e476a10 is an unknown value
R15=0x000000001e476da0 is an unknown value


Stack: [0x0000000017390000,0x0000000017490000],  sp=0x000000001748bff0,  free space=1007k
Native frames: (J=compiled Java code, j=interpreted, Vv=VM code, C=native code)
V  [jvm.dll+0x4c66cb]
V  [jvm.dll+0x4c6fd9]
V  [jvm.dll+0x4c7d57]
V  [jvm.dll+0x4c910a]
V  [jvm.dll+0x43fad2]
V  [jvm.dll+0x44226e]
V  [jvm.dll+0x4252c2]
V  [jvm.dll+0x813d8]
V  [jvm.dll+0x81d0f]
V  [jvm.dll+0x21d41f]
V  [jvm.dll+0x26d9aa]
C  [msvcr100.dll+0x21d9f]
C  [msvcr100.dll+0x21e3b]
C  [KERNEL32.DLL+0x13d2]
C  [ntdll.dll+0x154f4]


Current CompileTask:
C2:  26145 2588   !   4       java.net.URLClassLoader$1::run (63 bytes)


---------------  P R O C E S S  ---------------

Java Threads: ( => current thread )
  0x000000001df46000 JavaThread "build operations Thread 4" [_thread_blocked, id=3332, stack(0x000000001fb50000,0x000000001fc50000)]
  0x000000001df45800 JavaThread "build operations Thread 3" [_thread_blocked, id=708, stack(0x000000001fa50000,0x000000001fb50000)]
  0x000000001df47000 JavaThread "build operations Thread 2" [_thread_blocked, id=4472, stack(0x000000001f950000,0x000000001fa50000)]
  0x000000001df41000 JavaThread "build operations" [_thread_blocked, id=1088, stack(0x000000001f750000,0x000000001f850000)]
  0x000000001df41800 JavaThread "Cache worker for Artifact transforms cache (C:\Users\umair.bscs\.gradle\caches\transforms-1)" [_thread_blocked, id=1112, stack(0x000000001dc40000,0x000000001dd40000)]
  0x0000000018d84800 JavaThread "Cache worker for file hash cache (C:\Users\umair.bscs\AndroidStudioProjects\Q3ASSIGNMENT\.gradle\4.4\fileHashes)" [_thread_blocked, id=4424, stack(0x000000001b700000,0x000000001b800000)]
  0x0000000018192000 JavaThread "File lock request listener" [_thread_in_native, id=4332, stack(0x000000001b600000,0x000000001b700000)]
  0x0000000018375800 JavaThread "Cache worker for file hash cache (C:\Users\umair.bscs\.gradle\caches\4.4\fileHashes)" [_thread_blocked, id=4388, stack(0x000000001a530000,0x000000001a630000)]
  0x0000000018302000 JavaThread "Stdin handler" [_thread_blocked, id=4372, stack(0x000000001a230000,0x000000001a330000)]
  0x000000001807f800 JavaThread "Asynchronous log dispatcher for DefaultDaemonConnection: socket connection from /127.0.0.1:49673 to /127.0.0.1:49674" [_thread_blocked, id=4324, stack(0x000000001a130000,0x000000001a230000)]
  0x0000000018311000 JavaThread "Daemon worker" [_thread_in_native, id=4844, stack(0x000000001a030000,0x000000001a130000)]
  0x00000000177bd000 JavaThread "Cancel handler" [_thread_blocked, id=4296, stack(0x0000000019f30000,0x000000001a030000)]
  0x0000000017723000 JavaThread "Handler for socket connection from /127.0.0.1:49673 to /127.0.0.1:49674" [_thread_in_native, id=4340, stack(0x0000000019c30000,0x0000000019d30000)]
  0x0000000017720000 JavaThread "Daemon" [_thread_blocked, id=5084, stack(0x0000000019b30000,0x0000000019c30000)]
  0x0000000018bd1800 JavaThread "Daemon periodic checks" [_thread_blocked, id=152, stack(0x0000000019a30000,0x0000000019b30000)]
  0x0000000018bcf000 JavaThread "Incoming local TCP Connector on port 49673" [_thread_in_native, id=2000, stack(0x0000000019840000,0x0000000019940000)]
  0x00000000175b0800 JavaThread "Service Thread" daemon [_thread_blocked, id=3060, stack(0x0000000017990000,0x0000000017a90000)]
  0x0000000015c52000 JavaThread "C1 CompilerThread2" daemon [_thread_blocked, id=4456, stack(0x0000000017490000,0x0000000017590000)]
=>0x0000000015c4c000 JavaThread "C2 CompilerThread1" daemon [_thread_in_native, id=4692, stack(0x0000000017390000,0x0000000017490000)]
  0x0000000015c48000 JavaThread "C2 CompilerThread0" daemon [_thread_blocked, id=4704, stack(0x0000000017290000,0x0000000017390000)]
  0x0000000015c55800 JavaThread "Attach Listener" daemon [_thread_blocked, id=4696, stack(0x0000000017190000,0x0000000017290000)]
  0x0000000015c54800 JavaThread "Signal Dispatcher" daemon [_thread_blocked, id=4700, stack(0x0000000017090000,0x0000000017190000)]
  0x00000000022dc000 JavaThread "Finalizer" daemon [_thread_blocked, id=4676, stack(0x0000000016eb0000,0x0000000016fb0000)]
  0x00000000022d1000 JavaThread "Reference Handler" daemon [_thread_blocked, id=4688, stack(0x0000000016db0000,0x0000000016eb0000)]
  0x00000000020de000 JavaThread "main" [_thread_blocked, id=4464, stack(0x00000000020e0000,0x00000000021e0000)]

Other Threads:
  0x0000000015c15800 VMThread [stack: 0x0000000016cb0000,0x0000000016db0000] [id=4684]
  0x0000000015cac000 WatcherThread [stack: 0x0000000017a90000,0x0000000017b90000] [id=4452]

VM state:not at safepoint (normal execution)

VM Mutex/Monitor currently owned by a thread: None

Heap:
 PSYoungGen      total 95232K, used 59644K [0x00000000e0000000, 0x00000000e9180000, 0x0000000100000000)
  eden space 88064K, 59% used [0x00000000e0000000,0x00000000e3349ad0,0x00000000e5600000)
  from space 7168K, 99% used [0x00000000e8a80000,0x00000000e91758a0,0x00000000e9180000)
  to   space 10752K, 0% used [0x00000000e7c80000,0x00000000e7c80000,0x00000000e8700000)
 ParOldGen       total 48128K, used 12936K [0x00000000a0000000, 0x00000000a2f00000, 0x00000000e0000000)
  object space 48128K, 26% used [0x00000000a0000000,0x00000000a0ca2330,0x00000000a2f00000)
 Metaspace       used 29522K, capacity 29954K, committed 30208K, reserved 1075200K
  class space    used 4124K, capacity 4282K, committed 4352K, reserved 1048576K

Card table byte_map: [0x00000000116a0000,0x00000000119b0000] byte_map_base: 0x00000000111a0000

Marking Bits: (ParMarkBitMap*) 0x0000000069445aa0
 Begin Bits: [0x0000000011fb0000, 0x00000000137b0000)
 End Bits:   [0x00000000137b0000, 0x0000000014fb0000)

Polling page: 0x0000000000750000

CodeCache: size=245760Kb used=9277Kb max_used=9341Kb free=236482Kb
 bounds [0x00000000022e0000, 0x0000000002c10000, 0x00000000112e0000]
 total_blobs=3322 nmethods=2654 adapters=579
 compilation: enabled

Compilation events (10 events):
Event: 24.620 Thread 0x0000000015c52000 nmethod 2900 0x0000000002847cd0 code [0x0000000002847e40, 0x0000000002848068]
Event: 25.532 Thread 0x0000000015c48000 nmethod 2587 0x0000000002802b50 code [0x0000000002803740, 0x000000000280c740]
Event: 25.535 Thread 0x0000000015c48000 2890       4       java.net.URI::match (56 bytes)
Event: 25.538 Thread 0x0000000015c48000 nmethod 2890 0x00000000024f74d0 code [0x00000000024f7600, 0x00000000024f76b8]
Event: 25.538 Thread 0x0000000015c48000 2658       4       java.io.ObjectOutputStream$BlockDataOutputStream::getUTFLength (124 bytes)
Event: 25.563 Thread 0x0000000015c48000 nmethod 2658 0x00000000028457d0 code [0x0000000002845920, 0x0000000002845d98]
Event: 25.563 Thread 0x0000000015c48000 2675       4       java.io.ObjectOutputStream$BlockDataOutputStream::writeBytes (144 bytes)
Event: 25.594 Thread 0x0000000015c48000 nmethod 2675 0x0000000002847350 code [0x00000000028474a0, 0x0000000002847938]
Event: 25.594 Thread 0x0000000015c48000 2633       4       java.lang.Class::cast (27 bytes)
Event: 25.598 Thread 0x0000000015c48000 nmethod 2633 0x0000000002801390 code [0x00000000028014c0, 0x00000000028015b8]

GC Heap History (10 events):
Event: 5.977 GC heap before
{Heap before GC invocations=3 (full 0):
 PSYoungGen      total 35328K, used 35326K [0x00000000e0000000, 0x00000000e2500000, 0x0000000100000000)
  eden space 32768K, 100% used [0x00000000e0000000,0x00000000e2000000,0x00000000e2000000)
  from space 2560K, 99% used [0x00000000e2280000,0x00000000e24ff850,0x00000000e2500000)
  to   space 2560K, 0% used [0x00000000e2000000,0x00000000e2000000,0x00000000e2280000)
 ParOldGen       total 44032K, used 325K [0x00000000a0000000, 0x00000000a2b00000, 0x00000000e0000000)
  object space 44032K, 0% used [0x00000000a0000000,0x00000000a0051770,0x00000000a2b00000)
 Metaspace       used 10811K, capacity 11080K, committed 11264K, reserved 1058816K
  class space    used 1418K, capacity 1518K, committed 1536K, reserved 1048576K
Event: 6.000 GC heap after
Heap after GC invocations=3 (full 0):
 PSYoungGen      total 35328K, used 2544K [0x00000000e0000000, 0x00000000e4500000, 0x0000000100000000)
  eden space 32768K, 0% used [0x00000000e0000000,0x00000000e0000000,0x00000000e2000000)
  from space 2560K, 99% used [0x00000000e2000000,0x00000000e227c030,0x00000000e2280000)
  to   space 2560K, 0% used [0x00000000e4280000,0x00000000e4280000,0x00000000e4500000)
 ParOldGen       total 44032K, used 2963K [0x00000000a0000000, 0x00000000a2b00000, 0x00000000e0000000)
  object space 44032K, 6% used [0x00000000a0000000,0x00000000a02e4e68,0x00000000a2b00000)
 Metaspace       used 10811K, capacity 11080K, committed 11264K, reserved 1058816K
  class space    used 1418K, capacity 1518K, committed 1536K, reserved 1048576K
}
Event: 8.972 GC heap before
{Heap before GC invocations=4 (full 0):
 PSYoungGen      total 35328K, used 35312K [0x00000000e0000000, 0x00000000e4500000, 0x0000000100000000)
  eden space 32768K, 100% used [0x00000000e0000000,0x00000000e2000000,0x00000000e2000000)
  from space 2560K, 99% used [0x00000000e2000000,0x00000000e227c030,0x00000000e2280000)
  to   space 2560K, 0% used [0x00000000e4280000,0x00000000e4280000,0x00000000e4500000)
 ParOldGen       total 44032K, used 2963K [0x00000000a0000000, 0x00000000a2b00000, 0x00000000e0000000)
  object space 44032K, 6% used [0x00000000a0000000,0x00000000a02e4e68,0x00000000a2b00000)
 Metaspace       used 14208K, capacity 14518K, committed 14720K, reserved 1062912K
  class space    used 1981K, capacity 2123K, committed 2176K, reserved 1048576K
Event: 9.004 GC heap after
Heap after GC invocations=4 (full 0):
 PSYoungGen      total 68096K, used 2528K [0x00000000e0000000, 0x00000000e4500000, 0x0000000100000000)
  eden space 65536K, 0% used [0x00000000e0000000,0x00000000e0000000,0x00000000e4000000)
  from space 2560K, 98% used [0x00000000e4280000,0x00000000e44f8020,0x00000000e4500000)
  to   space 2560K, 0% used [0x00000000e4000000,0x00000000e4000000,0x00000000e4280000)
 ParOldGen       total 44032K, used 6842K [0x00000000a0000000, 0x00000000a2b00000, 0x00000000e0000000)
  object space 44032K, 15% used [0x00000000a0000000,0x00000000a06aeb20,0x00000000a2b00000)
 Metaspace       used 14208K, capacity 14518K, committed 14720K, reserved 1062912K
  class space    used 1981K, capacity 2123K, committed 2176K, reserved 1048576K
}
Event: 13.959 GC heap before
{Heap before GC invocations=5 (full 0):
 PSYoungGen      total 68096K, used 53455K [0x00000000e0000000, 0x00000000e4500000, 0x0000000100000000)
  eden space 65536K, 77% used [0x00000000e0000000,0x00000000e31bbe68,0x00000000e4000000)
  from space 2560K, 98% used [0x00000000e4280000,0x00000000e44f8020,0x00000000e4500000)
  to   space 2560K, 0% used [0x00000000e4000000,0x00000000e4000000,0x00000000e4280000)
 ParOldGen       total 44032K, used 6842K [0x00000000a0000000, 0x00000000a2b00000, 0x00000000e0000000)
  object space 44032K, 15% used [0x00000000a0000000,0x00000000a06aeb20,0x00000000a2b00000)
 Metaspace       used 20889K, capacity 21206K, committed 21248K, reserved 1067008K
  class space    used 2910K, capacity 3039K, committed 3072K, reserved 1048576K
Event: 14.005 GC heap after
Heap after GC invocations=5 (full 0):
 PSYoungGen      total 68096K, used 2548K [0x00000000e0000000, 0x00000000e9500000, 0x0000000100000000)
  eden space 65536K, 0% used [0x00000000e0000000,0x00000000e0000000,0x00000000e4000000)
  from space 2560K, 99% used [0x00000000e4000000,0x00000000e427d040,0x00000000e4280000)
  to   space 10752K, 0% used [0x00000000e8a80000,0x00000000e8a80000,0x00000000e9500000)
 ParOldGen       total 44032K, used 13885K [0x00000000a0000000, 0x00000000a2b00000, 0x00000000e0000000)
  object space 44032K, 31% used [0x00000000a0000000,0x00000000a0d8f438,0x00000000a2b00000)
 Metaspace       used 20889K, capacity 21206K, committed 21248K, reserved 1067008K
  class space    used 2910K, capacity 3039K, committed 3072K, reserved 1048576K
}
Event: 14.005 GC heap before
{Heap before GC invocations=6 (full 1):
 PSYoungGen      total 68096K, used 2548K [0x00000000e0000000, 0x00000000e9500000, 0x0000000100000000)
  eden space 65536K, 0% used [0x00000000e0000000,0x00000000e0000000,0x00000000e4000000)
  from space 2560K, 99% used [0x00000000e4000000,0x00000000e427d040,0x00000000e4280000)
  to   space 10752K, 0% used [0x00000000e8a80000,0x00000000e8a80000,0x00000000e9500000)
 ParOldGen       total 44032K, used 13885K [0x00000000a0000000, 0x00000000a2b00000, 0x00000000e0000000)
  object space 44032K, 31% used [0x00000000a0000000,0x00000000a0d8f438,0x00000000a2b00000)
 Metaspace       used 20889K, capacity 21206K, committed 21248K, reserved 1067008K
  class space    used 2910K, capacity 3039K, committed 3072K, reserved 1048576K
Event: 14.260 GC heap after
Heap after GC invocations=6 (full 1):
 PSYoungGen      total 68096K, used 0K [0x00000000e0000000, 0x00000000e9500000, 0x0000000100000000)
  eden space 65536K, 0% used [0x00000000e0000000,0x00000000e0000000,0x00000000e4000000)
  from space 2560K, 0% used [0x00000000e4000000,0x00000000e4000000,0x00000000e4280000)
  to   space 10752K, 0% used [0x00000000e8a80000,0x00000000e8a80000,0x00000000e9500000)
 ParOldGen       total 48128K, used 12928K [0x00000000a0000000, 0x00000000a2f00000, 0x00000000e0000000)
  object space 48128K, 26% used [0x00000000a0000000,0x00000000a0ca0330,0x00000000a2f00000)
 Metaspace       used 20889K, capacity 21206K, committed 21248K, reserved 1067008K
  class space    used 2910K, capacity 3039K, committed 3072K, reserved 1048576K
}
Event: 19.551 GC heap before
{Heap before GC invocations=7 (full 1):
 PSYoungGen      total 68096K, used 65536K [0x00000000e0000000, 0x00000000e9500000, 0x0000000100000000)
  eden space 65536K, 100% used [0x00000000e0000000,0x00000000e4000000,0x00000000e4000000)
  from space 2560K, 0% used [0x00000000e4000000,0x00000000e4000000,0x00000000e4280000)
  to   space 10752K, 0% used [0x00000000e8a80000,0x00000000e8a80000,0x00000000e9500000)
 ParOldGen       total 48128K, used 12928K [0x00000000a0000000, 0x00000000a2f00000, 0x00000000e0000000)
  object space 48128K, 26% used [0x00000000a0000000,0x00000000a0ca0330,0x00000000a2f00000)
 Metaspace       used 26695K, capacity 27126K, committed 27136K, reserved 1073152K
  class space    used 3682K, capacity 3830K, committed 3840K, reserved 1048576K
Event: 19.588 GC heap after
Heap after GC invocations=7 (full 1):
 PSYoungGen      total 95232K, used 7126K [0x00000000e0000000, 0x00000000e9180000, 0x0000000100000000)
  eden space 88064K, 0% used [0x00000000e0000000,0x00000000e0000000,0x00000000e5600000)
  from space 7168K, 99% used [0x00000000e8a80000,0x00000000e91758a0,0x00000000e9180000)
  to   space 10752K, 0% used [0x00000000e7c80000,0x00000000e7c80000,0x00000000e8700000)
 ParOldGen       total 48128K, used 12936K [0x00000000a0000000, 0x00000000a2f00000, 0x00000000e0000000)
  object space 48128K, 26% used [0x00000000a0000000,0x00000000a0ca2330,0x00000000a2f00000)
 Metaspace       used 26695K, capacity 27126K, committed 27136K, reserved 1073152K
  class space    used 3682K, capacity 3830K, committed 3840K, reserved 1048576K
}

Deoptimization events (10 events):
Event: 17.254 Thread 0x0000000018311000 Uncommon trap: reason=class_check action=maybe_recompile pc=0x000000000288c840 method=java.lang.reflect.Method.equals(Ljava/lang/Object;)Z @ 5
Event: 17.497 Thread 0x0000000018311000 Uncommon trap: reason=unstable_if action=reinterpret pc=0x00000000026e1630 method=java.util.LinkedHashMap.afterNodeInsertion(Z)V @ 1
Event: 17.554 Thread 0x0000000018311000 Uncommon trap: reason=class_check action=maybe_recompile pc=0x000000000288c840 method=java.lang.reflect.Method.equals(Ljava/lang/Object;)Z @ 5
Event: 17.555 Thread 0x0000000018311000 Uncommon trap: reason=class_check action=maybe_recompile pc=0x000000000288c840 method=java.lang.reflect.Method.equals(Ljava/lang/Object;)Z @ 5
Event: 18.456 Thread 0x0000000018311000 Uncommon trap: reason=class_check action=maybe_recompile pc=0x00000000024b4d84 method=sun.misc.URLClassPath.getLoader(I)Lsun/misc/URLClassPath$Loader; @ 94
Event: 18.489 Thread 0x0000000018311000 Uncommon trap: reason=class_check action=maybe_recompile pc=0x00000000024aefcc method=sun.misc.URLClassPath.getLoader(I)Lsun/misc/URLClassPath$Loader; @ 239
Event: 18.963 Thread 0x0000000018311000 Uncommon trap: reason=unstable_if action=reinterpret pc=0x000000000257428c method=java.io.WinNTFileSystem.resolve(Ljava/lang/String;Ljava/lang/String;)Ljava/lang/String; @ 49
Event: 19.591 Thread 0x00000000022d1000 Uncommon trap: reason=unstable_if action=reinterpret pc=0x00000000028ae4f8 method=java.lang.ref.Reference.tryHandlePending(Z)Z @ 104
Event: 20.789 Thread 0x0000000018311000 Uncommon trap: reason=unstable_if action=reinterpret pc=0x0000000002ab05a0 method=java.net.URI.match(CJJ)Z @ 45
Event: 23.441 Thread 0x000000001df41000 Uncommon trap: reason=unstable_if action=reinterpret pc=0x0000000002b8ef6c method=com.esotericsoftware.kryo.io.Output.writeString(Ljava/lang/CharSequence;)V @ 1

Classes redefined (0 events):
No events

Internal exceptions (10 events):
Event: 19.181 Thread 0x0000000018311000 Exception <a 'java/lang/ClassNotFoundException': org/gradle/api/internal/artifacts/DefaultArtifactRepositoryContainerCustomizer> (0x00000000e3b0e310) thrown at [D:\src\AOSP-openjdk-cygwin\jdk8u\hotspot\src\share\vm\classfile\systemDictionary.cpp, line 210
Event: 19.195 Thread 0x0000000018311000 Exception <a 'java/lang/ClassNotFoundException': org/gradle/api/internal/artifacts/dsl/DefaultRepositoryHandlerCustomizer> (0x00000000e3b6b5c8) thrown at [D:\src\AOSP-openjdk-cygwin\jdk8u\hotspot\src\share\vm\classfile\systemDictionary.cpp, line 210]
Event: 19.203 Thread 0x0000000018311000 Exception <a 'java/lang/ClassNotFoundException': org/gradle/api/internal/artifacts/dsl/DefaultRepositoryHandler_DecoratedCustomizer> (0x00000000e3bd0e48) thrown at [D:\src\AOSP-openjdk-cygwin\jdk8u\hotspot\src\share\vm\classfile\systemDictionary.cpp, line
Event: 20.414 Thread 0x0000000018311000 Exception <a 'java/lang/ClassNotFoundException': org/gradle/api/internal/artifacts/dsl/dependencies/DefaultDependencyHandler_DecoratedBeanInfo> (0x00000000e0e21c10) thrown at [D:\src\AOSP-openjdk-cygwin\jdk8u\hotspot\src\share\vm\classfile\systemDictionar
Event: 20.418 Thread 0x0000000018311000 Exception <a 'java/lang/ClassNotFoundException': org/gradle/api/internal/artifacts/dsl/dependencies/DefaultDependencyHandlerBeanInfo> (0x00000000e0e6a418) thrown at [D:\src\AOSP-openjdk-cygwin\jdk8u\hotspot\src\share\vm\classfile\systemDictionary.cpp, lin
Event: 20.422 Thread 0x0000000018311000 Exception <a 'java/lang/ClassNotFoundException': org/gradle/api/internal/artifacts/dsl/dependencies/DefaultDependencyHandlerCustomizer> (0x00000000e0eb3958) thrown at [D:\src\AOSP-openjdk-cygwin\jdk8u\hotspot\src\share\vm\classfile\systemDictionary.cpp, l
Event: 20.432 Thread 0x0000000018311000 Exception <a 'java/lang/ClassNotFoundException': org/gradle/api/internal/artifacts/dsl/dependencies/DefaultDependencyHandler_DecoratedCustomizer> (0x00000000e0f20998) thrown at [D:\src\AOSP-openjdk-cygwin\jdk8u\hotspot\src\share\vm\classfile\systemDiction
Event: 23.441 Thread 0x000000001df41000 Implicit null exception at 0x0000000002b8ecb0 to 0x0000000002b8ef59
Event: 24.547 Thread 0x0000000018311000 Exception <a 'java/lang/ClassNotFoundException': build_boqoyikt9c00qzi4kvl3msdboBeanInfo> (0x00000000e31f3070) thrown at [D:\src\AOSP-openjdk-cygwin\jdk8u\hotspot\src\share\vm\classfile\systemDictionary.cpp, line 210]
Event: 24.548 Thread 0x0000000018311000 Exception <a 'java/lang/ClassNotFoundException': build_boqoyikt9c00qzi4kvl3msdboCustomizer> (0x00000000e31fd548) thrown at [D:\src\AOSP-openjdk-cygwin\jdk8u\hotspot\src\share\vm\classfile\systemDictionary.cpp, line 210]

Events (10 events):
Event: 24.599 loading class groovy/runtime/metaclass/build_boqoyikt9c00qzi4kvl3msdbo$_run_closure1MetaClass
Event: 24.599 loading class groovy/runtime/metaclass/build_boqoyikt9c00qzi4kvl3msdbo$_run_closure1MetaClass done
Event: 24.601 loading class groovy/runtime/metaclass/org/gradle/api/internal/project/DefaultProject_DecoratedMetaClass
Event: 24.601 loading class groovy/runtime/metaclass/org/gradle/api/internal/project/DefaultProject_DecoratedMetaClass done
Event: 24.617 loading class org/gradle/api/internal/project/DefaultProject_DecoratedBeanInfo
Event: 24.617 loading class org/gradle/api/internal/project/DefaultProject_DecoratedBeanInfo done
Event: 24.618 loading class org/gradle/api/internal/project/DefaultProject_DecoratedBeanInfo
Event: 24.618 loading class org/gradle/api/internal/project/DefaultProject_DecoratedBeanInfo done
Event: 24.618 loading class org/gradle/api/internal/project/DefaultProject_DecoratedBeanInfo
Event: 24.618 loading class org/gradle/api/internal/project/DefaultProject_DecoratedBeanInfo done


Dynamic libraries:
0x00007ff647db0000 - 0x00007ff647de1000 	C:\Program Files\Android\Android Studio\jre\bin\java.exe
0x00007ffc9dd20000 - 0x00007ffc9decd000 	C:\Windows\SYSTEM32\ntdll.dll
0x00007ffc9bc40000 - 0x00007ffc9bd7e000 	C:\Windows\system32\KERNEL32.DLL
0x00007ffc9b280000 - 0x00007ffc9b396000 	C:\Windows\system32\KERNELBASE.dll
0x00007ffc9bb90000 - 0x00007ffc9bc3a000 	C:\Windows\system32\ADVAPI32.dll
0x00007ffc9dba0000 - 0x00007ffc9dd17000 	C:\Windows\system32\USER32.dll
0x00007ffc98da0000 - 0x00007ffc9901b000 	C:\Windows\WinSxS\amd64_microsoft.windows.common-controls_6595b64144ccf1df_6.0.9600.18006_none_623f33d3ecbe86e8\COMCTL32.dll
0x00007ffc9d910000 - 0x00007ffc9d9ba000 	C:\Windows\system32\msvcrt.dll
0x00007ffc9b750000 - 0x00007ffc9b7a9000 	C:\Windows\SYSTEM32\sechost.dll
0x00007ffc9ba00000 - 0x00007ffc9bb40000 	C:\Windows\system32\RPCRT4.dll
0x00007ffc9bd80000 - 0x00007ffc9becc000 	C:\Windows\system32\GDI32.dll
0x00007ffc9b200000 - 0x00007ffc9b22e000 	C:\Windows\system32\SspiCli.dll
0x00007ffc9bb40000 - 0x00007ffc9bb76000 	C:\Windows\system32\IMM32.DLL
0x00007ffc9da20000 - 0x00007ffc9db71000 	C:\Windows\system32\MSCTF.dll
0x0000000068ac0000 - 0x0000000068b92000 	C:\Program Files\Android\Android Studio\jre\jre\bin\msvcr100.dll
0x0000000068c80000 - 0x00000000694c1000 	C:\Program Files\Android\Android Studio\jre\jre\bin\server\jvm.dll
0x00007ffc8f440000 - 0x00007ffc8f449000 	C:\Windows\SYSTEM32\WSOCK32.dll
0x00007ffc86c80000 - 0x00007ffc86ca2000 	C:\Windows\SYSTEM32\WINMM.dll
0x00007ffc92ee0000 - 0x00007ffc92eea000 	C:\Windows\SYSTEM32\VERSION.dll
0x00007ffc9b7b0000 - 0x00007ffc9b7b7000 	C:\Windows\system32\PSAPI.DLL
0x00007ffc9d8b0000 - 0x00007ffc9d90a000 	C:\Windows\system32\WS2_32.dll
0x00007ffc86c50000 - 0x00007ffc86c7a000 	C:\Windows\SYSTEM32\WINMMBASE.dll
0x00007ffc9b5c0000 - 0x00007ffc9b5c9000 	C:\Windows\system32\NSI.dll
0x00007ffc9b230000 - 0x00007ffc9b27f000 	C:\Windows\SYSTEM32\cfgmgr32.dll
0x00007ffc99b30000 - 0x00007ffc99b58000 	C:\Windows\SYSTEM32\DEVOBJ.dll
0x00007ffc90ee0000 - 0x00007ffc90eef000 	C:\Program Files\Android\Android Studio\jre\jre\bin\verify.dll
0x00007ffc77ea0000 - 0x00007ffc77ec9000 	C:\Program Files\Android\Android Studio\jre\jre\bin\java.dll
0x00007ffc85010000 - 0x00007ffc85026000 	C:\Program Files\Android\Android Studio\jre\jre\bin\zip.dll
0x00007ffc9bed0000 - 0x00007ffc9d3fb000 	C:\Windows\system32\SHELL32.dll
0x00007ffc9b3a0000 - 0x00007ffc9b5b2000 	C:\Windows\SYSTEM32\combase.dll
0x00007ffc9d9c0000 - 0x00007ffc9da14000 	C:\Windows\system32\SHLWAPI.dll
0x00007ffc993d0000 - 0x00007ffc99482000 	C:\Windows\SYSTEM32\SHCORE.dll
0x00007ffc9ae40000 - 0x00007ffc9ae55000 	C:\Windows\SYSTEM32\profapi.dll
0x00007ffc83690000 - 0x00007ffc836aa000 	C:\Program Files\Android\Android Studio\jre\jre\bin\net.dll
0x00007ffc9a670000 - 0x00007ffc9a6c9000 	C:\Windows\system32\mswsock.dll
0x00007ffc83270000 - 0x00007ffc83281000 	C:\Program Files\Android\Android Studio\jre\jre\bin\nio.dll
0x00007ffc8c6f0000 - 0x00007ffc8c70e000 	C:\Users\umair.bscs\.gradle\native\25\windows-amd64\native-platform.dll
0x00007ffc90ed0000 - 0x00007ffc90edd000 	C:\Program Files\Android\Android Studio\jre\jre\bin\management.dll
0x00007ffc9a6d0000 - 0x00007ffc9a6f0000 	C:\Windows\SYSTEM32\CRYPTSP.dll
0x00007ffc9a2f0000 - 0x00007ffc9a326000 	C:\Windows\system32\rsaenh.dll
0x00007ffc9a920000 - 0x00007ffc9a946000 	C:\Windows\SYSTEM32\bcrypt.dll
0x00007ffc9a400000 - 0x00007ffc9a421000 	C:\Windows\SYSTEM32\USERENV.dll
0x00007ffc9ac40000 - 0x00007ffc9aca3000 	C:\Windows\system32\bcryptprimitives.dll
0x00007ffc9acb0000 - 0x00007ffc9acbb000 	C:\Windows\SYSTEM32\CRYPTBASE.dll
0x00007ffc94f90000 - 0x00007ffc94fba000 	C:\Windows\SYSTEM32\IPHLPAPI.DLL
0x00007ffc94f80000 - 0x00007ffc94f8a000 	C:\Windows\SYSTEM32\WINNSI.DLL
0x00007ffc94e30000 - 0x00007ffc94e46000 	C:\Windows\SYSTEM32\dhcpcsvc6.DLL
0x00007ffc94e10000 - 0x00007ffc94e2a000 	C:\Windows\SYSTEM32\dhcpcsvc.DLL
0x00007ffc836b0000 - 0x00007ffc83839000 	C:\Windows\SYSTEM32\dbghelp.dll

VM Arguments:
jvm_args: -Xmx1536m -Dfile.encoding=windows-1252 -Duser.country=US -Duser.language=en -Duser.variant 
java_command: org.gradle.launcher.daemon.bootstrap.GradleDaemon 4.4
java_class_path (initial): C:\Users\umair.bscs\.gradle\wrapper\dists\gradle-4.4-all\9br9xq1tocpiv8o6njlyu5op1\gradle-4.4\lib\gradle-launcher-4.4.jar
Launcher Type: SUN_STANDARD

Environment Variables:
JAVA_HOME=C:\Program Files\Java\jre1.8.0_181
PATH=C:\Program Files (x86)\Common Files\Oracle\Java\javapath;C:\Program Files\Java\jdk1.8.0_181\bin;C:\Windows\system32;C:\Windows;C:\Windows\System32\Wbem;C:\Windows\System32\WindowsPowerShell\v1.0\;lC:\Program Files\nodejs\;C:\Program Files\dotnet\;C:\Program Files\Microsoft SQL Server\130\Tools\Binn\;C:\Program Files\Git\cmd;C:\Program Files\Java\jdk1.8.0_181\bin;C:\Users\umair.bscs\Anaconda3;C:\Users\umair.bscs\Anaconda3\Library\mingw-w64\bin;C:\Users\umair.bscs\Anaconda3\Library\usr\bin;C:\Users\umair.bscs\Anaconda3\Library\bin;C:\Users\umair.bscs\Anaconda3\Scripts;C:\Users\umair.bscs\AppData\Local\Programs\Python\Python37\Scripts\;C:\Users\umair.bscs\AppData\Local\Programs\Python\Python37\;C:\Users\umair.bscs\AppData\Roaming\npm;C:\Users\umair.bscs\AppData\Local\Programs\Microsoft VS Code\bin;
USERNAME=umair.bscs
OS=Windows_NT
PROCESSOR_IDENTIFIER=Intel64 Family 6 Model 69 Stepping 1, GenuineIntel



---------------  S Y S T E M  ---------------

OS: Windows 8.1 , 64 bit Build 9600 (6.3.9600.17415)

CPU:total 4 (initial active 4) (2 cores per cpu, 2 threads per core) family 6 model 69 stepping 1, cmov, cx8, fxsr, mmx, sse, sse2, sse3, ssse3, sse4.1, sse4.2, popcnt, avx, avx2, aes, clmul, erms, lzcnt, ht, tsc, tscinvbit, bmi1, bmi2

Memory: 4k page, physical 4096172k(1451960k free), swap 8290476k(5418416k free)

vm_info: OpenJDK 64-Bit Server VM (25.152-b06) for windows-amd64 JRE (1.8.0_152-release-1136-b06), built by "builder" with MS VC++ 10.0 (VS2010)

time: Fri Sep 28 15:52:38 2018
elapsed time: 26 seconds (0d 0h 0m 26s)

